2017-08-06 18:19:10.972 [main] WARN  database.updateTables.UpdateContinents - Problem by writing following City to Database:Heringsdorf   - org.postgresql.util.PSQLException: FEHLER: Aktualisieren oder Löschen in Tabelle »cities« verletzt Fremdschlüssel-Constraint »airports_city_id_fkey« von Tabelle »airports«
  Detail: Auf Schlüssel (city_id)=(HERI) wird noch aus Tabelle »airports« verwiesen.
2017-08-06 18:19:10.974 [main] WARN  database.updateTables.UpdateContinents - Problem by reading or loading the XML file from the Skyscanner API - java.io.IOException: Problem by writing updated City to Database - org.postgresql.util.PSQLException: FEHLER: Aktualisieren oder Löschen in Tabelle »cities« verletzt Fremdschlüssel-Constraint »airports_city_id_fkey« von Tabelle »airports«
  Detail: Auf Schlüssel (city_id)=(HERI) wird noch aus Tabelle »airports« verwiesen.
2017-08-06 18:19:47.532 [main] WARN  database.updateTables.UpdateContinents - Problem by writing following City to Database:Heringsdorf   - org.postgresql.util.PSQLException: FEHLER: Aktualisieren oder Löschen in Tabelle »cities« verletzt Fremdschlüssel-Constraint »airports_city_id_fkey« von Tabelle »airports«
  Detail: Auf Schlüssel (city_id)=(HERI) wird noch aus Tabelle »airports« verwiesen.
2017-08-06 18:19:47.533 [main] WARN  database.updateTables.UpdateContinents - Problem by reading or loading the XML file from the Skyscanner API - java.io.IOException: Problem by writing updated City to Database - org.postgresql.util.PSQLException: FEHLER: Aktualisieren oder Löschen in Tabelle »cities« verletzt Fremdschlüssel-Constraint »airports_city_id_fkey« von Tabelle »airports«
  Detail: Auf Schlüssel (city_id)=(HERI) wird noch aus Tabelle »airports« verwiesen.
2017-08-09 10:48:49.919 [main] WARN  database.updateTables.UpdateContinents - Problem by writing following City to Database:Heringsdorf   - org.postgresql.util.PSQLException: FEHLER: Aktualisieren oder Löschen in Tabelle »cities« verletzt Fremdschlüssel-Constraint »airports_city_id_fkey« von Tabelle »airports«
  Detail: Auf Schlüssel (city_id)=(HERI) wird noch aus Tabelle »airports« verwiesen.
2017-08-09 10:48:49.921 [main] WARN  database.updateTables.UpdateContinents - Problem by reading or loading the XML file from the Skyscanner API - java.io.IOException: Problem by writing updated City to Database - org.postgresql.util.PSQLException: FEHLER: Aktualisieren oder Löschen in Tabelle »cities« verletzt Fremdschlüssel-Constraint »airports_city_id_fkey« von Tabelle »airports«
  Detail: Auf Schlüssel (city_id)=(HERI) wird noch aus Tabelle »airports« verwiesen.
2017-08-09 10:51:56.226 [main] WARN  database.updateTables.UpdateContinents - Problem by writing following City to Database:Heringsdorf   - org.postgresql.util.PSQLException: FEHLER: Aktualisieren oder Löschen in Tabelle »cities« verletzt Fremdschlüssel-Constraint »airports_city_id_fkey« von Tabelle »airports«
  Detail: Auf Schlüssel (city_id)=(HERI) wird noch aus Tabelle »airports« verwiesen.
2017-08-09 10:51:56.227 [main] WARN  database.updateTables.UpdateContinents - Problem by reading or loading the XML file from the Skyscanner API - java.io.IOException: Problem by writing updated City to Database - org.postgresql.util.PSQLException: FEHLER: Aktualisieren oder Löschen in Tabelle »cities« verletzt Fremdschlüssel-Constraint »airports_city_id_fkey« von Tabelle »airports«
  Detail: Auf Schlüssel (city_id)=(HERI) wird noch aus Tabelle »airports« verwiesen.
2017-08-09 10:53:00.837 [main] WARN  database.updateTables.UpdateContinents - Problem by writing following City to Database:Heringsdorf   - org.postgresql.util.PSQLException: FEHLER: Aktualisieren oder Löschen in Tabelle »cities« verletzt Fremdschlüssel-Constraint »airports_city_id_fkey« von Tabelle »airports«
  Detail: Auf Schlüssel (city_id)=(HERI) wird noch aus Tabelle »airports« verwiesen.
2017-08-09 10:53:00.841 [main] WARN  database.updateTables.UpdateContinents - Problem by reading or loading the XML file from the Skyscanner API - java.io.IOException: Problem by writing updated City to Database - org.postgresql.util.PSQLException: FEHLER: Aktualisieren oder Löschen in Tabelle »cities« verletzt Fremdschlüssel-Constraint »airports_city_id_fkey« von Tabelle »airports«
  Detail: Auf Schlüssel (city_id)=(HERI) wird noch aus Tabelle »airports« verwiesen.
2017-08-09 13:33:24.683 [main] WARN  database.updateTables.UpdateContinents - Problem by writing following City to Database:Heringsdorf   - org.postgresql.util.PSQLException: Für den Parameter 1 wurde kein Wert angegeben.
2017-08-09 13:33:24.685 [main] WARN  database.updateTables.UpdateContinents - Problem by reading or loading the XML file from the Skyscanner API - java.io.IOException: Problem by writing updated City to Database - org.postgresql.util.PSQLException: Für den Parameter 1 wurde kein Wert angegeben.
2017-08-09 13:35:49.053 [main] WARN  database.updateTables.UpdateContinents - Problem by writing following City to Database:Heringsdorf   - org.postgresql.util.PSQLException: FEHLER: Argument von AND muss Typ boolean haben, nicht Typ character varying
  Position: 32
2017-08-09 13:35:49.054 [main] WARN  database.updateTables.UpdateContinents - Problem by reading or loading the XML file from the Skyscanner API - java.io.IOException: Problem by writing updated City to Database - org.postgresql.util.PSQLException: FEHLER: Argument von AND muss Typ boolean haben, nicht Typ character varying
  Position: 32
2017-08-09 13:37:20.816 [main] WARN  database.updateTables.UpdateContinents - Problem by writing following City to Database:Heringsdorf   - org.postgresql.util.PSQLException: FEHLER: Argument von AND muss Typ boolean haben, nicht Typ character varying
  Position: 32
2017-08-09 13:37:20.818 [main] WARN  database.updateTables.UpdateContinents - Problem by reading or loading the XML file from the Skyscanner API - java.io.IOException: Problem by writing updated City to Database - org.postgresql.util.PSQLException: FEHLER: Argument von AND muss Typ boolean haben, nicht Typ character varying
  Position: 32
2017-08-09 13:38:39.704 [main] WARN  database.updateTables.UpdateContinents - Problem by writing following City to Database:Heringsdorf   - org.postgresql.util.PSQLException: FEHLER: Argument von AND muss Typ boolean haben, nicht Typ character varying
  Position: 32
2017-08-09 13:38:39.708 [main] WARN  database.updateTables.UpdateContinents - Problem by reading or loading the XML file from the Skyscanner API - java.io.IOException: Problem by writing updated City to Database - org.postgresql.util.PSQLException: FEHLER: Argument von AND muss Typ boolean haben, nicht Typ character varying
  Position: 32
2017-08-09 13:47:58.491 [main] WARN  database.updateTables.UpdateContinents - Problem by writing following City to Database:Heringsdorf   - org.postgresql.util.PSQLException: FEHLER: Syntaxfehler bei »=«
  Position: 47
2017-08-09 13:47:58.492 [main] WARN  database.updateTables.UpdateContinents - Problem by reading or loading the XML file from the Skyscanner API - java.io.IOException: Problem by writing updated City to Database - org.postgresql.util.PSQLException: FEHLER: Syntaxfehler bei »=«
  Position: 47
2017-08-09 14:45:35.410 [main] WARN  database.updateTables.UpdateContinents - Problem by writing following Airport to Database:Olsztyn-Mazury   - org.postgresql.util.PSQLException: FEHLER: Aktualisieren oder Löschen in Tabelle »airports« verletzt Fremdschlüssel-Constraint »flight_connections_origin_fkey« von Tabelle »flight_connections«
  Detail: Auf Schlüssel (airport_id)=(SZY) wird noch aus Tabelle »flight_connections« verwiesen.
2017-08-09 14:45:35.412 [main] WARN  database.updateTables.UpdateContinents - Problem by reading or loading the XML file from the Skyscanner API - java.io.IOException: Problem by writing updated Airport to Database - org.postgresql.util.PSQLException: FEHLER: Aktualisieren oder Löschen in Tabelle »airports« verletzt Fremdschlüssel-Constraint »flight_connections_origin_fkey« von Tabelle »flight_connections«
  Detail: Auf Schlüssel (airport_id)=(SZY) wird noch aus Tabelle »flight_connections« verwiesen.
2017-08-19 11:37:41.891 [main] WARN  database.updateTables.UpdateContinents - The departure and arrival time of one connections can't be set. GoogleMapsDirection.java
2017-08-19 11:42:18.981 [main] WARN  api.GoogleMapsDirection - The departure and arrival time of one connections can't be set. GoogleMapsDirection.java
2017-08-19 11:43:43.254 [main] WARN  api.GoogleMapsDirection - The departure and arrival time of one connections can't be set.java.lang.NullPointerException
2017-08-19 15:01:55.433 [main] WARN  api.GoogleMapsDirection - The Coordinates of one or more Places can't be parsed to Double.
2017-09-18 13:36:27.725 [main] WARN  api.GoogleMapsDirection - The overview polyline of one connection can't be read.
2017-09-29 21:36:24.806 [main] WARN  api.GoogleMapsDirection - The Coordinates of one or more Places can't be parsed to Double.
2017-09-29 21:36:24.808 [main] WARN  api.GoogleMapsDirection - The duration of one connection can't be parsed to long.
2017-09-29 21:36:24.809 [main] WARN  api.GoogleMapsDirection - The distance of one connection can't be parsed to integer.
2017-09-29 21:36:24.809 [main] WARN  api.GoogleMapsDirection - The overview polyline of one connection can't be read.
2017-09-29 21:36:24.818 [main] WARN  api.GoogleMapsDirection - The Coordinates of one or more Places can't be parsed to Double.
2017-09-29 21:36:24.818 [main] WARN  api.GoogleMapsDirection - The duration of one connection can't be parsed to long.
2017-09-29 21:36:24.818 [main] WARN  api.GoogleMapsDirection - The distance of one connection can't be parsed to integer.
2017-09-29 21:36:24.818 [main] WARN  api.GoogleMapsDirection - The overview polyline of one connection can't be read.
2017-09-29 21:36:24.824 [main] WARN  api.GoogleMapsDirection - The Coordinates of one or more Places can't be parsed to Double.
2017-09-29 21:36:24.824 [main] WARN  api.GoogleMapsDirection - The duration of one connection can't be parsed to long.
2017-09-29 21:36:24.825 [main] WARN  api.GoogleMapsDirection - The distance of one connection can't be parsed to integer.
2017-09-29 21:36:24.825 [main] WARN  api.GoogleMapsDirection - The overview polyline of one connection can't be read.
2017-09-29 21:36:48.145 [main] WARN  api.GoogleMapsDirection - The Coordinates of one or more Places can't be parsed to Double.
2017-09-29 21:36:48.146 [main] WARN  api.GoogleMapsDirection - The duration of one connection can't be parsed to long.
2017-09-29 21:36:48.146 [main] WARN  api.GoogleMapsDirection - The distance of one connection can't be parsed to integer.
2017-09-29 21:36:48.147 [main] WARN  api.GoogleMapsDirection - The overview polyline of one connection can't be read.
2017-09-29 21:36:48.161 [main] WARN  api.GoogleMapsDirection - The Coordinates of one or more Places can't be parsed to Double.
2017-09-29 21:36:48.161 [main] WARN  api.GoogleMapsDirection - The duration of one connection can't be parsed to long.
2017-09-29 21:36:48.161 [main] WARN  api.GoogleMapsDirection - The distance of one connection can't be parsed to integer.
2017-09-29 21:36:48.162 [main] WARN  api.GoogleMapsDirection - The overview polyline of one connection can't be read.
2017-09-29 21:36:48.168 [main] WARN  api.GoogleMapsDirection - The Coordinates of one or more Places can't be parsed to Double.
2017-09-29 21:36:48.168 [main] WARN  api.GoogleMapsDirection - The duration of one connection can't be parsed to long.
2017-09-29 21:36:48.168 [main] WARN  api.GoogleMapsDirection - The distance of one connection can't be parsed to integer.
2017-09-29 21:36:48.169 [main] WARN  api.GoogleMapsDirection - The overview polyline of one connection can't be read.
2017-11-06 13:38:02.231 [main] WARN  api.GoogleMapsDirection - The departure and arrival time of one connections can't be set.java.lang.NullPointerException
2017-11-06 13:38:02.234 [main] WARN  api.GoogleMapsDirection - The overview polyline of one connection can't be read.
2017-11-06 13:38:02.680 [main] WARN  api.GoogleMapsDirection - The departure and arrival time of one connections can't be set.java.lang.NullPointerException
2017-11-06 13:38:02.681 [main] WARN  api.GoogleMapsDirection - The overview polyline of one connection can't be read.
2017-11-06 13:38:03.094 [main] WARN  api.GoogleMapsDirection - The departure and arrival time of one connections can't be set.java.lang.NullPointerException
2017-11-06 13:38:03.094 [main] WARN  api.GoogleMapsDirection - The overview polyline of one connection can't be read.
2017-11-06 13:38:03.491 [main] WARN  api.GoogleMapsDirection - The departure and arrival time of one connections can't be set.java.lang.NullPointerException
2017-11-06 13:38:03.492 [main] WARN  api.GoogleMapsDirection - The overview polyline of one connection can't be read.
2017-11-06 13:38:03.846 [main] WARN  api.GoogleMapsDirection - The departure and arrival time of one connections can't be set.java.lang.NullPointerException
2017-11-06 13:38:03.846 [main] WARN  api.GoogleMapsDirection - The overview polyline of one connection can't be read.
2017-11-06 13:38:04.242 [main] WARN  api.GoogleMapsDirection - The departure and arrival time of one connections can't be set.java.lang.NullPointerException
2017-11-06 13:38:04.243 [main] WARN  api.GoogleMapsDirection - The overview polyline of one connection can't be read.
2017-11-06 13:38:04.621 [main] WARN  api.GoogleMapsDirection - The departure and arrival time of one connections can't be set.java.lang.NullPointerException
2017-11-06 13:38:04.621 [main] WARN  api.GoogleMapsDirection - The overview polyline of one connection can't be read.
2017-11-06 13:38:05.009 [main] WARN  api.GoogleMapsDirection - The departure and arrival time of one connections can't be set.java.lang.NullPointerException
2017-11-06 13:38:05.010 [main] WARN  api.GoogleMapsDirection - The overview polyline of one connection can't be read.
2017-11-06 13:38:05.376 [main] WARN  api.GoogleMapsDirection - The departure and arrival time of one connections can't be set.java.lang.NullPointerException
2017-11-06 13:38:05.376 [main] WARN  api.GoogleMapsDirection - The overview polyline of one connection can't be read.
2017-11-06 13:38:05.756 [main] WARN  api.GoogleMapsDirection - The departure and arrival time of one connections can't be set.java.lang.NullPointerException
2017-11-06 13:38:05.756 [main] WARN  api.GoogleMapsDirection - The overview polyline of one connection can't be read.
2017-11-06 13:38:06.435 [main] WARN  api.GoogleMapsDirection - The departure and arrival time of one connections can't be set.java.lang.NullPointerException
2017-11-06 13:38:06.435 [main] WARN  api.GoogleMapsDirection - The overview polyline of one connection can't be read.
2017-11-06 13:38:06.823 [main] WARN  api.GoogleMapsDirection - The departure and arrival time of one connections can't be set.java.lang.NullPointerException
2017-11-06 13:38:06.823 [main] WARN  api.GoogleMapsDirection - The overview polyline of one connection can't be read.
2017-11-06 13:38:07.155 [main] WARN  api.GoogleMapsDirection - The departure and arrival time of one connections can't be set.java.lang.NullPointerException
2017-11-06 13:38:07.155 [main] WARN  api.GoogleMapsDirection - The overview polyline of one connection can't be read.
2017-11-06 13:38:07.474 [main] WARN  api.GoogleMapsDirection - The departure and arrival time of one connections can't be set.java.lang.NullPointerException
2017-11-06 13:38:07.474 [main] WARN  api.GoogleMapsDirection - The overview polyline of one connection can't be read.
2017-11-06 13:38:07.826 [main] WARN  api.GoogleMapsDirection - The departure and arrival time of one connections can't be set.java.lang.NullPointerException
2017-11-06 13:38:07.826 [main] WARN  api.GoogleMapsDirection - The overview polyline of one connection can't be read.
2017-11-06 13:38:08.188 [main] WARN  api.GoogleMapsDirection - The departure and arrival time of one connections can't be set.java.lang.NullPointerException
2017-11-06 13:38:08.188 [main] WARN  api.GoogleMapsDirection - The overview polyline of one connection can't be read.
2017-11-06 13:38:08.538 [main] WARN  api.GoogleMapsDirection - The departure and arrival time of one connections can't be set.java.lang.NullPointerException
2017-11-06 13:38:08.538 [main] WARN  api.GoogleMapsDirection - The overview polyline of one connection can't be read.
2017-11-06 13:38:08.867 [main] WARN  api.GoogleMapsDirection - The departure and arrival time of one connections can't be set.java.lang.NullPointerException
2017-11-06 13:38:08.867 [main] WARN  api.GoogleMapsDirection - The overview polyline of one connection can't be read.
2017-11-06 13:38:09.197 [main] WARN  api.GoogleMapsDirection - The departure and arrival time of one connections can't be set.java.lang.NullPointerException
2017-11-06 13:38:09.198 [main] WARN  api.GoogleMapsDirection - The overview polyline of one connection can't be read.
2017-11-06 13:41:03.117 [main] WARN  api.GoogleMapsDirection - The departure and arrival time of one connections can't be set.java.lang.NullPointerException
2017-11-06 13:41:03.117 [main] WARN  api.GoogleMapsDirection - The overview polyline of one connection can't be read.
2017-11-06 13:41:03.465 [main] WARN  api.GoogleMapsDirection - The departure and arrival time of one connections can't be set.java.lang.NullPointerException
2017-11-06 13:41:03.465 [main] WARN  api.GoogleMapsDirection - The overview polyline of one connection can't be read.
2017-11-06 13:41:03.780 [main] WARN  api.GoogleMapsDirection - The departure and arrival time of one connections can't be set.java.lang.NullPointerException
2017-11-06 13:41:03.780 [main] WARN  api.GoogleMapsDirection - The overview polyline of one connection can't be read.
2017-11-06 13:41:04.188 [main] WARN  api.GoogleMapsDirection - The departure and arrival time of one connections can't be set.java.lang.NullPointerException
2017-11-06 13:41:04.188 [main] WARN  api.GoogleMapsDirection - The overview polyline of one connection can't be read.
2017-11-06 13:41:04.517 [main] WARN  api.GoogleMapsDirection - The departure and arrival time of one connections can't be set.java.lang.NullPointerException
2017-11-06 13:41:04.517 [main] WARN  api.GoogleMapsDirection - The overview polyline of one connection can't be read.
2017-11-06 13:41:04.885 [main] WARN  api.GoogleMapsDirection - The departure and arrival time of one connections can't be set.java.lang.NullPointerException
2017-11-06 13:41:04.885 [main] WARN  api.GoogleMapsDirection - The overview polyline of one connection can't be read.
2017-11-06 13:41:05.183 [main] WARN  api.GoogleMapsDirection - The departure and arrival time of one connections can't be set.java.lang.NullPointerException
2017-11-06 13:41:05.183 [main] WARN  api.GoogleMapsDirection - The overview polyline of one connection can't be read.
2017-11-06 13:41:05.500 [main] WARN  api.GoogleMapsDirection - The departure and arrival time of one connections can't be set.java.lang.NullPointerException
2017-11-06 13:41:05.501 [main] WARN  api.GoogleMapsDirection - The overview polyline of one connection can't be read.
2017-11-06 13:41:05.843 [main] WARN  api.GoogleMapsDirection - The departure and arrival time of one connections can't be set.java.lang.NullPointerException
2017-11-06 13:41:05.844 [main] WARN  api.GoogleMapsDirection - The overview polyline of one connection can't be read.
2017-11-06 13:41:06.204 [main] WARN  api.GoogleMapsDirection - The departure and arrival time of one connections can't be set.java.lang.NullPointerException
2017-11-06 13:41:06.204 [main] WARN  api.GoogleMapsDirection - The overview polyline of one connection can't be read.
2017-11-06 13:41:06.787 [main] WARN  api.GoogleMapsDirection - The departure and arrival time of one connections can't be set.java.lang.NullPointerException
2017-11-06 13:41:06.787 [main] WARN  api.GoogleMapsDirection - The overview polyline of one connection can't be read.
2017-11-06 13:41:07.090 [main] WARN  api.GoogleMapsDirection - The departure and arrival time of one connections can't be set.java.lang.NullPointerException
2017-11-06 13:41:07.090 [main] WARN  api.GoogleMapsDirection - The overview polyline of one connection can't be read.
2017-11-06 13:41:07.422 [main] WARN  api.GoogleMapsDirection - The departure and arrival time of one connections can't be set.java.lang.NullPointerException
2017-11-06 13:41:07.423 [main] WARN  api.GoogleMapsDirection - The overview polyline of one connection can't be read.
2017-11-06 13:41:07.771 [main] WARN  api.GoogleMapsDirection - The departure and arrival time of one connections can't be set.java.lang.NullPointerException
2017-11-06 13:41:07.771 [main] WARN  api.GoogleMapsDirection - The overview polyline of one connection can't be read.
2017-11-06 13:41:08.057 [main] WARN  api.GoogleMapsDirection - The departure and arrival time of one connections can't be set.java.lang.NullPointerException
2017-11-06 13:41:08.057 [main] WARN  api.GoogleMapsDirection - The overview polyline of one connection can't be read.
2017-11-06 13:41:08.366 [main] WARN  api.GoogleMapsDirection - The departure and arrival time of one connections can't be set.java.lang.NullPointerException
2017-11-06 13:41:08.366 [main] WARN  api.GoogleMapsDirection - The overview polyline of one connection can't be read.
2017-11-06 13:41:08.694 [main] WARN  api.GoogleMapsDirection - The departure and arrival time of one connections can't be set.java.lang.NullPointerException
2017-11-06 13:41:08.694 [main] WARN  api.GoogleMapsDirection - The overview polyline of one connection can't be read.
2017-11-06 13:41:09.054 [main] WARN  api.GoogleMapsDirection - The departure and arrival time of one connections can't be set.java.lang.NullPointerException
2017-11-06 13:41:09.055 [main] WARN  api.GoogleMapsDirection - The overview polyline of one connection can't be read.
2017-11-06 13:41:09.391 [main] WARN  api.GoogleMapsDirection - The departure and arrival time of one connections can't be set.java.lang.NullPointerException
2017-11-06 13:41:09.391 [main] WARN  api.GoogleMapsDirection - The overview polyline of one connection can't be read.
2017-11-06 13:52:30.876 [main] WARN  api.GoogleMapsDirection - The departure and arrival time of one connections can't be set.java.lang.NullPointerException
2017-11-06 13:52:30.877 [main] WARN  api.GoogleMapsDirection - The overview polyline of one connection can't be read.
2017-11-06 13:52:31.257 [main] WARN  api.GoogleMapsDirection - The departure and arrival time of one connections can't be set.java.lang.NullPointerException
2017-11-06 13:52:31.257 [main] WARN  api.GoogleMapsDirection - The overview polyline of one connection can't be read.
2017-11-06 13:52:31.626 [main] WARN  api.GoogleMapsDirection - The departure and arrival time of one connections can't be set.java.lang.NullPointerException
2017-11-06 13:52:31.627 [main] WARN  api.GoogleMapsDirection - The overview polyline of one connection can't be read.
2017-11-06 13:52:32.007 [main] WARN  api.GoogleMapsDirection - The departure and arrival time of one connections can't be set.java.lang.NullPointerException
2017-11-06 13:52:32.007 [main] WARN  api.GoogleMapsDirection - The overview polyline of one connection can't be read.
2017-11-06 13:52:32.346 [main] WARN  api.GoogleMapsDirection - The departure and arrival time of one connections can't be set.java.lang.NullPointerException
2017-11-06 13:52:32.346 [main] WARN  api.GoogleMapsDirection - The overview polyline of one connection can't be read.
2017-11-06 13:52:32.756 [main] WARN  api.GoogleMapsDirection - The departure and arrival time of one connections can't be set.java.lang.NullPointerException
2017-11-06 13:52:32.756 [main] WARN  api.GoogleMapsDirection - The overview polyline of one connection can't be read.
2017-11-06 13:52:33.140 [main] WARN  api.GoogleMapsDirection - The departure and arrival time of one connections can't be set.java.lang.NullPointerException
2017-11-06 13:52:33.140 [main] WARN  api.GoogleMapsDirection - The overview polyline of one connection can't be read.
2017-11-06 13:52:33.522 [main] WARN  api.GoogleMapsDirection - The departure and arrival time of one connections can't be set.java.lang.NullPointerException
2017-11-06 13:52:33.522 [main] WARN  api.GoogleMapsDirection - The overview polyline of one connection can't be read.
2017-11-06 13:52:33.892 [main] WARN  api.GoogleMapsDirection - The departure and arrival time of one connections can't be set.java.lang.NullPointerException
2017-11-06 13:52:33.892 [main] WARN  api.GoogleMapsDirection - The overview polyline of one connection can't be read.
2017-11-06 13:52:34.350 [main] WARN  api.GoogleMapsDirection - The departure and arrival time of one connections can't be set.java.lang.NullPointerException
2017-11-06 13:52:34.350 [main] WARN  api.GoogleMapsDirection - The overview polyline of one connection can't be read.
2017-11-06 13:52:34.988 [main] WARN  api.GoogleMapsDirection - The departure and arrival time of one connections can't be set.java.lang.NullPointerException
2017-11-06 13:52:34.988 [main] WARN  api.GoogleMapsDirection - The overview polyline of one connection can't be read.
2017-11-06 13:52:35.398 [main] WARN  api.GoogleMapsDirection - The departure and arrival time of one connections can't be set.java.lang.NullPointerException
2017-11-06 13:52:35.398 [main] WARN  api.GoogleMapsDirection - The overview polyline of one connection can't be read.
2017-11-06 13:52:35.774 [main] WARN  api.GoogleMapsDirection - The departure and arrival time of one connections can't be set.java.lang.NullPointerException
2017-11-06 13:52:35.774 [main] WARN  api.GoogleMapsDirection - The overview polyline of one connection can't be read.
2017-11-06 13:52:36.147 [main] WARN  api.GoogleMapsDirection - The departure and arrival time of one connections can't be set.java.lang.NullPointerException
2017-11-06 13:52:36.148 [main] WARN  api.GoogleMapsDirection - The overview polyline of one connection can't be read.
2017-11-06 13:52:36.540 [main] WARN  api.GoogleMapsDirection - The departure and arrival time of one connections can't be set.java.lang.NullPointerException
2017-11-06 13:52:36.541 [main] WARN  api.GoogleMapsDirection - The overview polyline of one connection can't be read.
2017-11-06 13:52:36.897 [main] WARN  api.GoogleMapsDirection - The departure and arrival time of one connections can't be set.java.lang.NullPointerException
2017-11-06 13:52:36.898 [main] WARN  api.GoogleMapsDirection - The overview polyline of one connection can't be read.
2017-11-06 13:52:37.221 [main] WARN  api.GoogleMapsDirection - The departure and arrival time of one connections can't be set.java.lang.NullPointerException
2017-11-06 13:52:37.221 [main] WARN  api.GoogleMapsDirection - The overview polyline of one connection can't be read.
2017-11-06 13:52:37.515 [main] WARN  api.GoogleMapsDirection - The departure and arrival time of one connections can't be set.java.lang.NullPointerException
2017-11-06 13:52:37.515 [main] WARN  api.GoogleMapsDirection - The overview polyline of one connection can't be read.
2017-11-06 13:52:37.848 [main] WARN  api.GoogleMapsDirection - The departure and arrival time of one connections can't be set.java.lang.NullPointerException
2017-11-06 13:52:37.848 [main] WARN  api.GoogleMapsDirection - The overview polyline of one connection can't be read.
2017-11-06 13:55:03.130 [main] WARN  api.GoogleMapsDirection - The overview polyline of one connection can't be read.
2017-11-06 13:55:03.131 [main] WARN  api.GoogleMapsDirection - The overview polyline of one connection can't be read.
2017-11-06 13:55:03.133 [main] WARN  api.GoogleMapsDirection - The overview polyline of one connection can't be read.
2017-11-06 13:55:04.482 [main] WARN  api.GoogleMapsDirection - The overview polyline of one connection can't be read.
2017-11-06 13:55:04.484 [main] WARN  api.GoogleMapsDirection - The overview polyline of one connection can't be read.
2017-11-06 13:55:04.488 [main] WARN  api.GoogleMapsDirection - The overview polyline of one connection can't be read.
2017-11-06 13:59:14.299 [main] WARN  api.GoogleMapsDirection - The overview polyline of one connection can't be read.
2017-11-06 13:59:14.316 [main] WARN  api.GoogleMapsDirection - The overview polyline of one connection can't be read.
2017-11-06 13:59:14.327 [main] WARN  api.GoogleMapsDirection - The overview polyline of one connection can't be read.
2017-11-06 13:59:15.558 [main] WARN  api.GoogleMapsDirection - The overview polyline of one connection can't be read.
2017-11-06 13:59:15.561 [main] WARN  api.GoogleMapsDirection - The overview polyline of one connection can't be read.
2017-11-06 13:59:15.563 [main] WARN  api.GoogleMapsDirection - The overview polyline of one connection can't be read.
2017-11-06 14:01:39.611 [main] WARN  api.GoogleMapsDirection - The departure and arrival time of one connections can't be set.java.lang.NullPointerException
2017-11-06 14:01:39.611 [main] WARN  api.GoogleMapsDirection - The overview polyline of one connection can't be read.
2017-11-06 14:01:39.969 [main] WARN  api.GoogleMapsDirection - The departure and arrival time of one connections can't be set.java.lang.NullPointerException
2017-11-06 14:01:39.969 [main] WARN  api.GoogleMapsDirection - The overview polyline of one connection can't be read.
2017-11-06 14:01:40.355 [main] WARN  api.GoogleMapsDirection - The departure and arrival time of one connections can't be set.java.lang.NullPointerException
2017-11-06 14:01:40.355 [main] WARN  api.GoogleMapsDirection - The overview polyline of one connection can't be read.
2017-11-06 14:01:40.772 [main] WARN  api.GoogleMapsDirection - The departure and arrival time of one connections can't be set.java.lang.NullPointerException
2017-11-06 14:01:40.773 [main] WARN  api.GoogleMapsDirection - The overview polyline of one connection can't be read.
2017-11-06 14:01:41.115 [main] WARN  api.GoogleMapsDirection - The departure and arrival time of one connections can't be set.java.lang.NullPointerException
2017-11-06 14:01:41.116 [main] WARN  api.GoogleMapsDirection - The overview polyline of one connection can't be read.
2017-11-06 14:01:41.518 [main] WARN  api.GoogleMapsDirection - The departure and arrival time of one connections can't be set.java.lang.NullPointerException
2017-11-06 14:01:41.518 [main] WARN  api.GoogleMapsDirection - The overview polyline of one connection can't be read.
2017-11-06 14:01:41.887 [main] WARN  api.GoogleMapsDirection - The departure and arrival time of one connections can't be set.java.lang.NullPointerException
2017-11-06 14:01:41.887 [main] WARN  api.GoogleMapsDirection - The overview polyline of one connection can't be read.
2017-11-06 14:01:42.253 [main] WARN  api.GoogleMapsDirection - The departure and arrival time of one connections can't be set.java.lang.NullPointerException
2017-11-06 14:01:42.254 [main] WARN  api.GoogleMapsDirection - The overview polyline of one connection can't be read.
2017-11-06 14:01:42.622 [main] WARN  api.GoogleMapsDirection - The departure and arrival time of one connections can't be set.java.lang.NullPointerException
2017-11-06 14:01:42.622 [main] WARN  api.GoogleMapsDirection - The overview polyline of one connection can't be read.
2017-11-06 14:01:43.073 [main] WARN  api.GoogleMapsDirection - The departure and arrival time of one connections can't be set.java.lang.NullPointerException
2017-11-06 14:01:43.074 [main] WARN  api.GoogleMapsDirection - The overview polyline of one connection can't be read.
2017-11-06 14:01:43.871 [main] WARN  api.GoogleMapsDirection - The departure and arrival time of one connections can't be set.java.lang.NullPointerException
2017-11-06 14:01:43.871 [main] WARN  api.GoogleMapsDirection - The overview polyline of one connection can't be read.
2017-11-06 14:01:44.251 [main] WARN  api.GoogleMapsDirection - The departure and arrival time of one connections can't be set.java.lang.NullPointerException
2017-11-06 14:01:44.252 [main] WARN  api.GoogleMapsDirection - The overview polyline of one connection can't be read.
2017-11-06 14:01:44.601 [main] WARN  api.GoogleMapsDirection - The departure and arrival time of one connections can't be set.java.lang.NullPointerException
2017-11-06 14:01:44.601 [main] WARN  api.GoogleMapsDirection - The overview polyline of one connection can't be read.
2017-11-06 14:01:45.003 [main] WARN  api.GoogleMapsDirection - The departure and arrival time of one connections can't be set.java.lang.NullPointerException
2017-11-06 14:01:45.003 [main] WARN  api.GoogleMapsDirection - The overview polyline of one connection can't be read.
2017-11-06 14:01:45.342 [main] WARN  api.GoogleMapsDirection - The departure and arrival time of one connections can't be set.java.lang.NullPointerException
2017-11-06 14:01:45.342 [main] WARN  api.GoogleMapsDirection - The overview polyline of one connection can't be read.
2017-11-06 14:01:45.702 [main] WARN  api.GoogleMapsDirection - The departure and arrival time of one connections can't be set.java.lang.NullPointerException
2017-11-06 14:01:45.702 [main] WARN  api.GoogleMapsDirection - The overview polyline of one connection can't be read.
2017-11-06 14:01:46.030 [main] WARN  api.GoogleMapsDirection - The departure and arrival time of one connections can't be set.java.lang.NullPointerException
2017-11-06 14:01:46.030 [main] WARN  api.GoogleMapsDirection - The overview polyline of one connection can't be read.
2017-11-06 14:01:46.410 [main] WARN  api.GoogleMapsDirection - The departure and arrival time of one connections can't be set.java.lang.NullPointerException
2017-11-06 14:01:46.411 [main] WARN  api.GoogleMapsDirection - The overview polyline of one connection can't be read.
2017-11-06 14:01:46.728 [main] WARN  api.GoogleMapsDirection - The departure and arrival time of one connections can't be set.java.lang.NullPointerException
2017-11-06 14:01:46.728 [main] WARN  api.GoogleMapsDirection - The overview polyline of one connection can't be read.
2017-11-06 14:01:57.964 [main] WARN  api.GoogleMapsDirection - The departure and arrival time of one connections can't be set.java.lang.NullPointerException
2017-11-06 14:01:57.964 [main] WARN  api.GoogleMapsDirection - The overview polyline of one connection can't be read.
2017-11-06 14:01:58.166 [main] WARN  api.GoogleMapsDirection - The departure and arrival time of one connections can't be set.java.lang.NullPointerException
2017-11-06 14:01:58.167 [main] WARN  api.GoogleMapsDirection - The overview polyline of one connection can't be read.
2017-11-06 14:01:58.382 [main] WARN  api.GoogleMapsDirection - The departure and arrival time of one connections can't be set.java.lang.NullPointerException
2017-11-06 14:01:58.383 [main] WARN  api.GoogleMapsDirection - The overview polyline of one connection can't be read.
2017-11-06 14:01:58.598 [main] WARN  api.GoogleMapsDirection - The departure and arrival time of one connections can't be set.java.lang.NullPointerException
2017-11-06 14:01:58.598 [main] WARN  api.GoogleMapsDirection - The overview polyline of one connection can't be read.
2017-11-06 14:01:58.807 [main] WARN  api.GoogleMapsDirection - The departure and arrival time of one connections can't be set.java.lang.NullPointerException
2017-11-06 14:01:58.807 [main] WARN  api.GoogleMapsDirection - The overview polyline of one connection can't be read.
2017-11-06 14:01:59.020 [main] WARN  api.GoogleMapsDirection - The departure and arrival time of one connections can't be set.java.lang.NullPointerException
2017-11-06 14:01:59.020 [main] WARN  api.GoogleMapsDirection - The overview polyline of one connection can't be read.
2017-11-06 14:01:59.269 [main] WARN  api.GoogleMapsDirection - The departure and arrival time of one connections can't be set.java.lang.NullPointerException
2017-11-06 14:01:59.269 [main] WARN  api.GoogleMapsDirection - The overview polyline of one connection can't be read.
2017-11-06 14:01:59.502 [main] WARN  api.GoogleMapsDirection - The departure and arrival time of one connections can't be set.java.lang.NullPointerException
2017-11-06 14:01:59.502 [main] WARN  api.GoogleMapsDirection - The overview polyline of one connection can't be read.
2017-11-06 14:01:59.724 [main] WARN  api.GoogleMapsDirection - The departure and arrival time of one connections can't be set.java.lang.NullPointerException
2017-11-06 14:01:59.724 [main] WARN  api.GoogleMapsDirection - The overview polyline of one connection can't be read.
2017-11-06 14:02:00.022 [main] WARN  api.GoogleMapsDirection - The departure and arrival time of one connections can't be set.java.lang.NullPointerException
2017-11-06 14:02:00.023 [main] WARN  api.GoogleMapsDirection - The overview polyline of one connection can't be read.
2017-11-06 14:02:00.595 [main] WARN  api.GoogleMapsDirection - The departure and arrival time of one connections can't be set.java.lang.NullPointerException
2017-11-06 14:02:00.595 [main] WARN  api.GoogleMapsDirection - The overview polyline of one connection can't be read.
2017-11-06 14:02:00.817 [main] WARN  api.GoogleMapsDirection - The departure and arrival time of one connections can't be set.java.lang.NullPointerException
2017-11-06 14:02:00.817 [main] WARN  api.GoogleMapsDirection - The overview polyline of one connection can't be read.
2017-11-06 14:02:01.018 [main] WARN  api.GoogleMapsDirection - The departure and arrival time of one connections can't be set.java.lang.NullPointerException
2017-11-06 14:02:01.018 [main] WARN  api.GoogleMapsDirection - The overview polyline of one connection can't be read.
2017-11-06 14:02:01.234 [main] WARN  api.GoogleMapsDirection - The departure and arrival time of one connections can't be set.java.lang.NullPointerException
2017-11-06 14:02:01.234 [main] WARN  api.GoogleMapsDirection - The overview polyline of one connection can't be read.
2017-11-06 14:02:01.451 [main] WARN  api.GoogleMapsDirection - The departure and arrival time of one connections can't be set.java.lang.NullPointerException
2017-11-06 14:02:01.451 [main] WARN  api.GoogleMapsDirection - The overview polyline of one connection can't be read.
2017-11-06 14:02:01.665 [main] WARN  api.GoogleMapsDirection - The departure and arrival time of one connections can't be set.java.lang.NullPointerException
2017-11-06 14:02:01.666 [main] WARN  api.GoogleMapsDirection - The overview polyline of one connection can't be read.
2017-11-06 14:02:01.875 [main] WARN  api.GoogleMapsDirection - The departure and arrival time of one connections can't be set.java.lang.NullPointerException
2017-11-06 14:02:01.875 [main] WARN  api.GoogleMapsDirection - The overview polyline of one connection can't be read.
2017-11-06 14:02:02.080 [main] WARN  api.GoogleMapsDirection - The departure and arrival time of one connections can't be set.java.lang.NullPointerException
2017-11-06 14:02:02.080 [main] WARN  api.GoogleMapsDirection - The overview polyline of one connection can't be read.
2017-11-06 14:02:02.331 [main] WARN  api.GoogleMapsDirection - The departure and arrival time of one connections can't be set.java.lang.NullPointerException
2017-11-06 14:02:02.331 [main] WARN  api.GoogleMapsDirection - The overview polyline of one connection can't be read.
2017-11-06 14:02:05.085 [main] WARN  api.GoogleMapsDirection - The departure and arrival time of one connections can't be set.java.lang.NullPointerException
2017-11-06 14:02:05.085 [main] WARN  api.GoogleMapsDirection - The overview polyline of one connection can't be read.
2017-11-06 14:02:05.483 [main] WARN  api.GoogleMapsDirection - The departure and arrival time of one connections can't be set.java.lang.NullPointerException
2017-11-06 14:02:05.484 [main] WARN  api.GoogleMapsDirection - The overview polyline of one connection can't be read.
2017-11-06 14:02:05.824 [main] WARN  api.GoogleMapsDirection - The departure and arrival time of one connections can't be set.java.lang.NullPointerException
2017-11-06 14:02:05.824 [main] WARN  api.GoogleMapsDirection - The overview polyline of one connection can't be read.
2017-11-06 14:02:06.167 [main] WARN  api.GoogleMapsDirection - The departure and arrival time of one connections can't be set.java.lang.NullPointerException
2017-11-06 14:02:06.167 [main] WARN  api.GoogleMapsDirection - The overview polyline of one connection can't be read.
2017-11-06 14:02:06.553 [main] WARN  api.GoogleMapsDirection - The departure and arrival time of one connections can't be set.java.lang.NullPointerException
2017-11-06 14:02:06.553 [main] WARN  api.GoogleMapsDirection - The overview polyline of one connection can't be read.
2017-11-06 14:02:06.962 [main] WARN  api.GoogleMapsDirection - The departure and arrival time of one connections can't be set.java.lang.NullPointerException
2017-11-06 14:02:06.962 [main] WARN  api.GoogleMapsDirection - The overview polyline of one connection can't be read.
2017-11-06 14:02:07.387 [main] WARN  api.GoogleMapsDirection - The departure and arrival time of one connections can't be set.java.lang.NullPointerException
2017-11-06 14:02:07.388 [main] WARN  api.GoogleMapsDirection - The overview polyline of one connection can't be read.
2017-11-06 14:02:07.817 [main] WARN  api.GoogleMapsDirection - The departure and arrival time of one connections can't be set.java.lang.NullPointerException
2017-11-06 14:02:07.818 [main] WARN  api.GoogleMapsDirection - The overview polyline of one connection can't be read.
2017-11-06 14:02:08.246 [main] WARN  api.GoogleMapsDirection - The departure and arrival time of one connections can't be set.java.lang.NullPointerException
2017-11-06 14:02:08.246 [main] WARN  api.GoogleMapsDirection - The overview polyline of one connection can't be read.
2017-11-06 14:02:08.610 [main] WARN  api.GoogleMapsDirection - The departure and arrival time of one connections can't be set.java.lang.NullPointerException
2017-11-06 14:02:08.611 [main] WARN  api.GoogleMapsDirection - The overview polyline of one connection can't be read.
2017-11-06 14:02:09.402 [main] WARN  api.GoogleMapsDirection - The departure and arrival time of one connections can't be set.java.lang.NullPointerException
2017-11-06 14:02:09.402 [main] WARN  api.GoogleMapsDirection - The overview polyline of one connection can't be read.
2017-11-06 14:02:09.659 [main] WARN  api.GoogleMapsDirection - The departure and arrival time of one connections can't be set.java.lang.NullPointerException
2017-11-06 14:02:09.659 [main] WARN  api.GoogleMapsDirection - The overview polyline of one connection can't be read.
2017-11-06 14:02:09.936 [main] WARN  api.GoogleMapsDirection - The departure and arrival time of one connections can't be set.java.lang.NullPointerException
2017-11-06 14:02:09.936 [main] WARN  api.GoogleMapsDirection - The overview polyline of one connection can't be read.
2017-11-06 14:02:10.219 [main] WARN  api.GoogleMapsDirection - The departure and arrival time of one connections can't be set.java.lang.NullPointerException
2017-11-06 14:02:10.219 [main] WARN  api.GoogleMapsDirection - The overview polyline of one connection can't be read.
2017-11-06 14:02:10.473 [main] WARN  api.GoogleMapsDirection - The departure and arrival time of one connections can't be set.java.lang.NullPointerException
2017-11-06 14:02:10.473 [main] WARN  api.GoogleMapsDirection - The overview polyline of one connection can't be read.
2017-11-06 14:02:10.745 [main] WARN  api.GoogleMapsDirection - The departure and arrival time of one connections can't be set.java.lang.NullPointerException
2017-11-06 14:02:10.745 [main] WARN  api.GoogleMapsDirection - The overview polyline of one connection can't be read.
2017-11-06 14:02:11.007 [main] WARN  api.GoogleMapsDirection - The departure and arrival time of one connections can't be set.java.lang.NullPointerException
2017-11-06 14:02:11.007 [main] WARN  api.GoogleMapsDirection - The overview polyline of one connection can't be read.
2017-11-06 14:02:11.281 [main] WARN  api.GoogleMapsDirection - The departure and arrival time of one connections can't be set.java.lang.NullPointerException
2017-11-06 14:02:11.281 [main] WARN  api.GoogleMapsDirection - The overview polyline of one connection can't be read.
2017-11-06 14:02:11.568 [main] WARN  api.GoogleMapsDirection - The departure and arrival time of one connections can't be set.java.lang.NullPointerException
2017-11-06 14:02:11.568 [main] WARN  api.GoogleMapsDirection - The overview polyline of one connection can't be read.
2017-11-06 14:02:18.572 [main] WARN  api.GoogleMapsDirection - The departure and arrival time of one connections can't be set.java.lang.NullPointerException
2017-11-06 14:02:18.572 [main] WARN  api.GoogleMapsDirection - The overview polyline of one connection can't be read.
2017-11-06 14:02:18.794 [main] WARN  api.GoogleMapsDirection - The departure and arrival time of one connections can't be set.java.lang.NullPointerException
2017-11-06 14:02:18.794 [main] WARN  api.GoogleMapsDirection - The overview polyline of one connection can't be read.
2017-11-06 14:02:19.001 [main] WARN  api.GoogleMapsDirection - The departure and arrival time of one connections can't be set.java.lang.NullPointerException
2017-11-06 14:02:19.001 [main] WARN  api.GoogleMapsDirection - The overview polyline of one connection can't be read.
2017-11-06 14:02:19.206 [main] WARN  api.GoogleMapsDirection - The departure and arrival time of one connections can't be set.java.lang.NullPointerException
2017-11-06 14:02:19.206 [main] WARN  api.GoogleMapsDirection - The overview polyline of one connection can't be read.
2017-11-06 14:02:19.432 [main] WARN  api.GoogleMapsDirection - The departure and arrival time of one connections can't be set.java.lang.NullPointerException
2017-11-06 14:02:19.432 [main] WARN  api.GoogleMapsDirection - The overview polyline of one connection can't be read.
2017-11-06 14:02:19.662 [main] WARN  api.GoogleMapsDirection - The departure and arrival time of one connections can't be set.java.lang.NullPointerException
2017-11-06 14:02:19.662 [main] WARN  api.GoogleMapsDirection - The overview polyline of one connection can't be read.
2017-11-06 14:02:19.883 [main] WARN  api.GoogleMapsDirection - The departure and arrival time of one connections can't be set.java.lang.NullPointerException
2017-11-06 14:02:19.884 [main] WARN  api.GoogleMapsDirection - The overview polyline of one connection can't be read.
2017-11-06 14:02:20.104 [main] WARN  api.GoogleMapsDirection - The departure and arrival time of one connections can't be set.java.lang.NullPointerException
2017-11-06 14:02:20.104 [main] WARN  api.GoogleMapsDirection - The overview polyline of one connection can't be read.
2017-11-06 14:02:20.356 [main] WARN  api.GoogleMapsDirection - The departure and arrival time of one connections can't be set.java.lang.NullPointerException
2017-11-06 14:02:20.356 [main] WARN  api.GoogleMapsDirection - The overview polyline of one connection can't be read.
2017-11-06 14:02:20.557 [main] WARN  api.GoogleMapsDirection - The departure and arrival time of one connections can't be set.java.lang.NullPointerException
2017-11-06 14:02:20.557 [main] WARN  api.GoogleMapsDirection - The overview polyline of one connection can't be read.
2017-11-06 14:02:21.178 [main] WARN  api.GoogleMapsDirection - The departure and arrival time of one connections can't be set.java.lang.NullPointerException
2017-11-06 14:02:21.178 [main] WARN  api.GoogleMapsDirection - The overview polyline of one connection can't be read.
2017-11-06 14:02:21.559 [main] WARN  api.GoogleMapsDirection - The departure and arrival time of one connections can't be set.java.lang.NullPointerException
2017-11-06 14:02:21.559 [main] WARN  api.GoogleMapsDirection - The overview polyline of one connection can't be read.
2017-11-06 14:02:21.955 [main] WARN  api.GoogleMapsDirection - The departure and arrival time of one connections can't be set.java.lang.NullPointerException
2017-11-06 14:02:21.955 [main] WARN  api.GoogleMapsDirection - The overview polyline of one connection can't be read.
2017-11-06 14:02:22.348 [main] WARN  api.GoogleMapsDirection - The departure and arrival time of one connections can't be set.java.lang.NullPointerException
2017-11-06 14:02:22.348 [main] WARN  api.GoogleMapsDirection - The overview polyline of one connection can't be read.
2017-11-06 14:02:22.708 [main] WARN  api.GoogleMapsDirection - The departure and arrival time of one connections can't be set.java.lang.NullPointerException
2017-11-06 14:02:22.708 [main] WARN  api.GoogleMapsDirection - The overview polyline of one connection can't be read.
2017-11-06 14:02:23.076 [main] WARN  api.GoogleMapsDirection - The departure and arrival time of one connections can't be set.java.lang.NullPointerException
2017-11-06 14:02:23.076 [main] WARN  api.GoogleMapsDirection - The overview polyline of one connection can't be read.
2017-11-06 14:02:23.433 [main] WARN  api.GoogleMapsDirection - The departure and arrival time of one connections can't be set.java.lang.NullPointerException
2017-11-06 14:02:23.434 [main] WARN  api.GoogleMapsDirection - The overview polyline of one connection can't be read.
2017-11-06 14:02:23.843 [main] WARN  api.GoogleMapsDirection - The departure and arrival time of one connections can't be set.java.lang.NullPointerException
2017-11-06 14:02:23.843 [main] WARN  api.GoogleMapsDirection - The overview polyline of one connection can't be read.
2017-11-06 14:02:24.178 [main] WARN  api.GoogleMapsDirection - The departure and arrival time of one connections can't be set.java.lang.NullPointerException
2017-11-06 14:02:24.179 [main] WARN  api.GoogleMapsDirection - The overview polyline of one connection can't be read.
2017-11-06 14:02:24.575 [main] WARN  api.GoogleMapsDirection - The departure and arrival time of one connections can't be set.java.lang.NullPointerException
2017-11-06 14:02:24.575 [main] WARN  api.GoogleMapsDirection - The overview polyline of one connection can't be read.
2017-11-07 00:36:37.784 [main] WARN  api.GoogleMapsDirection - The departure and arrival time of one connections can't be set.java.lang.NullPointerException
2017-11-07 00:36:37.786 [main] WARN  api.GoogleMapsDirection - The overview polyline of one connection can't be read.
2017-11-07 00:36:38.054 [main] WARN  api.GoogleMapsDirection - The departure and arrival time of one connections can't be set.java.lang.NullPointerException
2017-11-07 00:36:38.054 [main] WARN  api.GoogleMapsDirection - The overview polyline of one connection can't be read.
2017-11-07 00:36:38.302 [main] WARN  api.GoogleMapsDirection - The departure and arrival time of one connections can't be set.java.lang.NullPointerException
2017-11-07 00:36:38.302 [main] WARN  api.GoogleMapsDirection - The overview polyline of one connection can't be read.
2017-11-07 00:36:38.553 [main] WARN  api.GoogleMapsDirection - The departure and arrival time of one connections can't be set.java.lang.NullPointerException
2017-11-07 00:36:38.554 [main] WARN  api.GoogleMapsDirection - The overview polyline of one connection can't be read.
2017-11-07 00:36:38.792 [main] WARN  api.GoogleMapsDirection - The departure and arrival time of one connections can't be set.java.lang.NullPointerException
2017-11-07 00:36:38.792 [main] WARN  api.GoogleMapsDirection - The overview polyline of one connection can't be read.
2017-11-07 00:36:39.044 [main] WARN  api.GoogleMapsDirection - The departure and arrival time of one connections can't be set.java.lang.NullPointerException
2017-11-07 00:36:39.044 [main] WARN  api.GoogleMapsDirection - The overview polyline of one connection can't be read.
2017-11-07 00:36:39.280 [main] WARN  api.GoogleMapsDirection - The departure and arrival time of one connections can't be set.java.lang.NullPointerException
2017-11-07 00:36:39.281 [main] WARN  api.GoogleMapsDirection - The overview polyline of one connection can't be read.
2017-11-07 00:36:39.520 [main] WARN  api.GoogleMapsDirection - The departure and arrival time of one connections can't be set.java.lang.NullPointerException
2017-11-07 00:36:39.520 [main] WARN  api.GoogleMapsDirection - The overview polyline of one connection can't be read.
2017-11-07 00:36:39.767 [main] WARN  api.GoogleMapsDirection - The departure and arrival time of one connections can't be set.java.lang.NullPointerException
2017-11-07 00:36:39.767 [main] WARN  api.GoogleMapsDirection - The overview polyline of one connection can't be read.
2017-11-07 00:36:39.990 [main] WARN  api.GoogleMapsDirection - The departure and arrival time of one connections can't be set.java.lang.NullPointerException
2017-11-07 00:36:39.990 [main] WARN  api.GoogleMapsDirection - The overview polyline of one connection can't be read.
2017-11-07 00:36:40.485 [main] WARN  api.GoogleMapsDirection - The departure and arrival time of one connections can't be set.java.lang.NullPointerException
2017-11-07 00:36:40.485 [main] WARN  api.GoogleMapsDirection - The overview polyline of one connection can't be read.
2017-11-07 00:36:40.681 [main] WARN  api.GoogleMapsDirection - The departure and arrival time of one connections can't be set.java.lang.NullPointerException
2017-11-07 00:36:40.682 [main] WARN  api.GoogleMapsDirection - The overview polyline of one connection can't be read.
2017-11-07 00:36:40.875 [main] WARN  api.GoogleMapsDirection - The departure and arrival time of one connections can't be set.java.lang.NullPointerException
2017-11-07 00:36:40.875 [main] WARN  api.GoogleMapsDirection - The overview polyline of one connection can't be read.
2017-11-07 00:36:41.077 [main] WARN  api.GoogleMapsDirection - The departure and arrival time of one connections can't be set.java.lang.NullPointerException
2017-11-07 00:36:41.077 [main] WARN  api.GoogleMapsDirection - The overview polyline of one connection can't be read.
2017-11-07 00:36:41.305 [main] WARN  api.GoogleMapsDirection - The departure and arrival time of one connections can't be set.java.lang.NullPointerException
2017-11-07 00:36:41.305 [main] WARN  api.GoogleMapsDirection - The overview polyline of one connection can't be read.
2017-11-07 00:36:41.529 [main] WARN  api.GoogleMapsDirection - The departure and arrival time of one connections can't be set.java.lang.NullPointerException
2017-11-07 00:36:41.529 [main] WARN  api.GoogleMapsDirection - The overview polyline of one connection can't be read.
2017-11-07 00:36:41.743 [main] WARN  api.GoogleMapsDirection - The departure and arrival time of one connections can't be set.java.lang.NullPointerException
2017-11-07 00:36:41.743 [main] WARN  api.GoogleMapsDirection - The overview polyline of one connection can't be read.
2017-11-07 00:36:41.942 [main] WARN  api.GoogleMapsDirection - The departure and arrival time of one connections can't be set.java.lang.NullPointerException
2017-11-07 00:36:41.942 [main] WARN  api.GoogleMapsDirection - The overview polyline of one connection can't be read.
2017-11-07 00:36:42.153 [main] WARN  api.GoogleMapsDirection - The departure and arrival time of one connections can't be set.java.lang.NullPointerException
2017-11-07 00:36:42.153 [main] WARN  api.GoogleMapsDirection - The overview polyline of one connection can't be read.
2017-11-07 00:36:42.389 [main] WARN  api.GoogleMapsDirection - The departure and arrival time of one connections can't be set.java.lang.NullPointerException
2017-11-07 00:36:42.389 [main] WARN  api.GoogleMapsDirection - The overview polyline of one connection can't be read.
2017-11-07 02:54:29.052 [main] WARN  api.GoogleMapsDirection - The departure and arrival time of one connections can't be set.java.lang.NullPointerException
2017-11-07 02:54:29.053 [main] WARN  api.GoogleMapsDirection - The overview polyline of one connection can't be read.
2017-11-07 02:54:29.440 [main] WARN  api.GoogleMapsDirection - The departure and arrival time of one connections can't be set.java.lang.NullPointerException
2017-11-07 02:54:29.440 [main] WARN  api.GoogleMapsDirection - The overview polyline of one connection can't be read.
2017-11-07 02:54:29.838 [main] WARN  api.GoogleMapsDirection - The departure and arrival time of one connections can't be set.java.lang.NullPointerException
2017-11-07 02:54:29.842 [main] WARN  api.GoogleMapsDirection - The overview polyline of one connection can't be read.
2017-11-07 02:54:30.255 [main] WARN  api.GoogleMapsDirection - The departure and arrival time of one connections can't be set.java.lang.NullPointerException
2017-11-07 02:54:30.255 [main] WARN  api.GoogleMapsDirection - The overview polyline of one connection can't be read.
2017-11-07 02:54:30.653 [main] WARN  api.GoogleMapsDirection - The departure and arrival time of one connections can't be set.java.lang.NullPointerException
2017-11-07 02:54:30.653 [main] WARN  api.GoogleMapsDirection - The overview polyline of one connection can't be read.
2017-11-07 02:54:31.084 [main] WARN  api.GoogleMapsDirection - The departure and arrival time of one connections can't be set.java.lang.NullPointerException
2017-11-07 02:54:31.085 [main] WARN  api.GoogleMapsDirection - The overview polyline of one connection can't be read.
2017-11-07 02:54:31.486 [main] WARN  api.GoogleMapsDirection - The departure and arrival time of one connections can't be set.java.lang.NullPointerException
2017-11-07 02:54:31.486 [main] WARN  api.GoogleMapsDirection - The overview polyline of one connection can't be read.
2017-11-07 02:54:31.868 [main] WARN  api.GoogleMapsDirection - The departure and arrival time of one connections can't be set.java.lang.NullPointerException
2017-11-07 02:54:31.868 [main] WARN  api.GoogleMapsDirection - The overview polyline of one connection can't be read.
2017-11-07 02:54:32.328 [main] WARN  api.GoogleMapsDirection - The departure and arrival time of one connections can't be set.java.lang.NullPointerException
2017-11-07 02:54:32.328 [main] WARN  api.GoogleMapsDirection - The overview polyline of one connection can't be read.
2017-11-07 02:54:32.747 [main] WARN  api.GoogleMapsDirection - The departure and arrival time of one connections can't be set.java.lang.NullPointerException
2017-11-07 02:54:32.748 [main] WARN  api.GoogleMapsDirection - The overview polyline of one connection can't be read.
2017-11-07 02:54:33.386 [main] WARN  api.GoogleMapsDirection - The departure and arrival time of one connections can't be set.java.lang.NullPointerException
2017-11-07 02:54:33.386 [main] WARN  api.GoogleMapsDirection - The overview polyline of one connection can't be read.
2017-11-07 02:54:33.739 [main] WARN  api.GoogleMapsDirection - The departure and arrival time of one connections can't be set.java.lang.NullPointerException
2017-11-07 02:54:33.740 [main] WARN  api.GoogleMapsDirection - The overview polyline of one connection can't be read.
2017-11-07 02:54:34.075 [main] WARN  api.GoogleMapsDirection - The departure and arrival time of one connections can't be set.java.lang.NullPointerException
2017-11-07 02:54:34.076 [main] WARN  api.GoogleMapsDirection - The overview polyline of one connection can't be read.
2017-11-07 02:54:34.403 [main] WARN  api.GoogleMapsDirection - The departure and arrival time of one connections can't be set.java.lang.NullPointerException
2017-11-07 02:54:34.403 [main] WARN  api.GoogleMapsDirection - The overview polyline of one connection can't be read.
2017-11-07 02:54:34.809 [main] WARN  api.GoogleMapsDirection - The departure and arrival time of one connections can't be set.java.lang.NullPointerException
2017-11-07 02:54:34.809 [main] WARN  api.GoogleMapsDirection - The overview polyline of one connection can't be read.
2017-11-07 02:54:35.257 [main] WARN  api.GoogleMapsDirection - The departure and arrival time of one connections can't be set.java.lang.NullPointerException
2017-11-07 02:54:35.257 [main] WARN  api.GoogleMapsDirection - The overview polyline of one connection can't be read.
2017-11-07 02:54:35.714 [main] WARN  api.GoogleMapsDirection - The departure and arrival time of one connections can't be set.java.lang.NullPointerException
2017-11-07 02:54:35.715 [main] WARN  api.GoogleMapsDirection - The overview polyline of one connection can't be read.
2017-11-07 02:54:36.130 [main] WARN  api.GoogleMapsDirection - The departure and arrival time of one connections can't be set.java.lang.NullPointerException
2017-11-07 02:54:36.131 [main] WARN  api.GoogleMapsDirection - The overview polyline of one connection can't be read.
2017-11-07 02:54:36.590 [main] WARN  api.GoogleMapsDirection - The departure and arrival time of one connections can't be set.java.lang.NullPointerException
2017-11-07 02:54:36.590 [main] WARN  api.GoogleMapsDirection - The overview polyline of one connection can't be read.
2017-11-07 02:54:37.021 [main] WARN  api.GoogleMapsDirection - The departure and arrival time of one connections can't be set.java.lang.NullPointerException
2017-11-07 02:54:37.022 [main] WARN  api.GoogleMapsDirection - The overview polyline of one connection can't be read.
2017-11-07 03:10:17.107 [main] WARN  api.GoogleMapsDirection - The departure and arrival time of one connections can't be set.java.lang.NullPointerException
2017-11-07 03:10:17.108 [main] WARN  api.GoogleMapsDirection - The overview polyline of one connection can't be read.
2017-11-07 03:10:17.611 [main] WARN  api.GoogleMapsDirection - The departure and arrival time of one connections can't be set.java.lang.NullPointerException
2017-11-07 03:10:17.612 [main] WARN  api.GoogleMapsDirection - The overview polyline of one connection can't be read.
2017-11-07 03:10:18.009 [main] WARN  api.GoogleMapsDirection - The departure and arrival time of one connections can't be set.java.lang.NullPointerException
2017-11-07 03:10:18.009 [main] WARN  api.GoogleMapsDirection - The overview polyline of one connection can't be read.
2017-11-07 03:10:18.407 [main] WARN  api.GoogleMapsDirection - The departure and arrival time of one connections can't be set.java.lang.NullPointerException
2017-11-07 03:10:18.407 [main] WARN  api.GoogleMapsDirection - The overview polyline of one connection can't be read.
2017-11-07 03:10:18.828 [main] WARN  api.GoogleMapsDirection - The departure and arrival time of one connections can't be set.java.lang.NullPointerException
2017-11-07 03:10:18.828 [main] WARN  api.GoogleMapsDirection - The overview polyline of one connection can't be read.
2017-11-07 03:10:19.222 [main] WARN  api.GoogleMapsDirection - The departure and arrival time of one connections can't be set.java.lang.NullPointerException
2017-11-07 03:10:19.222 [main] WARN  api.GoogleMapsDirection - The overview polyline of one connection can't be read.
2017-11-07 03:10:19.570 [main] WARN  api.GoogleMapsDirection - The departure and arrival time of one connections can't be set.java.lang.NullPointerException
2017-11-07 03:10:19.570 [main] WARN  api.GoogleMapsDirection - The overview polyline of one connection can't be read.
2017-11-07 03:10:19.941 [main] WARN  api.GoogleMapsDirection - The departure and arrival time of one connections can't be set.java.lang.NullPointerException
2017-11-07 03:10:19.941 [main] WARN  api.GoogleMapsDirection - The overview polyline of one connection can't be read.
2017-11-07 03:10:20.339 [main] WARN  api.GoogleMapsDirection - The departure and arrival time of one connections can't be set.java.lang.NullPointerException
2017-11-07 03:10:20.339 [main] WARN  api.GoogleMapsDirection - The overview polyline of one connection can't be read.
2017-11-07 03:10:20.756 [main] WARN  api.GoogleMapsDirection - The departure and arrival time of one connections can't be set.java.lang.NullPointerException
2017-11-07 03:10:20.756 [main] WARN  api.GoogleMapsDirection - The overview polyline of one connection can't be read.
2017-11-07 03:10:21.388 [main] WARN  api.GoogleMapsDirection - The departure and arrival time of one connections can't be set.java.lang.NullPointerException
2017-11-07 03:10:21.388 [main] WARN  api.GoogleMapsDirection - The overview polyline of one connection can't be read.
2017-11-07 03:10:21.720 [main] WARN  api.GoogleMapsDirection - The departure and arrival time of one connections can't be set.java.lang.NullPointerException
2017-11-07 03:10:21.720 [main] WARN  api.GoogleMapsDirection - The overview polyline of one connection can't be read.
2017-11-07 03:10:22.012 [main] WARN  api.GoogleMapsDirection - The departure and arrival time of one connections can't be set.java.lang.NullPointerException
2017-11-07 03:10:22.012 [main] WARN  api.GoogleMapsDirection - The overview polyline of one connection can't be read.
2017-11-07 03:10:22.392 [main] WARN  api.GoogleMapsDirection - The departure and arrival time of one connections can't be set.java.lang.NullPointerException
2017-11-07 03:10:22.392 [main] WARN  api.GoogleMapsDirection - The overview polyline of one connection can't be read.
2017-11-07 03:10:22.819 [main] WARN  api.GoogleMapsDirection - The departure and arrival time of one connections can't be set.java.lang.NullPointerException
2017-11-07 03:10:22.819 [main] WARN  api.GoogleMapsDirection - The overview polyline of one connection can't be read.
2017-11-07 03:10:23.230 [main] WARN  api.GoogleMapsDirection - The departure and arrival time of one connections can't be set.java.lang.NullPointerException
2017-11-07 03:10:23.230 [main] WARN  api.GoogleMapsDirection - The overview polyline of one connection can't be read.
2017-11-07 03:10:23.622 [main] WARN  api.GoogleMapsDirection - The departure and arrival time of one connections can't be set.java.lang.NullPointerException
2017-11-07 03:10:23.622 [main] WARN  api.GoogleMapsDirection - The overview polyline of one connection can't be read.
2017-11-07 03:10:24.007 [main] WARN  api.GoogleMapsDirection - The departure and arrival time of one connections can't be set.java.lang.NullPointerException
2017-11-07 03:10:24.007 [main] WARN  api.GoogleMapsDirection - The overview polyline of one connection can't be read.
2017-11-07 03:10:24.381 [main] WARN  api.GoogleMapsDirection - The departure and arrival time of one connections can't be set.java.lang.NullPointerException
2017-11-07 03:10:24.381 [main] WARN  api.GoogleMapsDirection - The overview polyline of one connection can't be read.
2017-11-07 03:10:24.788 [main] WARN  api.GoogleMapsDirection - The departure and arrival time of one connections can't be set.java.lang.NullPointerException
2017-11-07 03:10:24.788 [main] WARN  api.GoogleMapsDirection - The overview polyline of one connection can't be read.
2017-11-07 03:10:44.509 [main] WARN  api.GoogleMapsDirection - The departure and arrival time of one connections can't be set.java.lang.NullPointerException
2017-11-07 03:10:44.509 [main] WARN  api.GoogleMapsDirection - The overview polyline of one connection can't be read.
2017-11-07 03:10:44.921 [main] WARN  api.GoogleMapsDirection - The departure and arrival time of one connections can't be set.java.lang.NullPointerException
2017-11-07 03:10:44.921 [main] WARN  api.GoogleMapsDirection - The overview polyline of one connection can't be read.
2017-11-07 03:10:45.427 [main] WARN  api.GoogleMapsDirection - The departure and arrival time of one connections can't be set.java.lang.NullPointerException
2017-11-07 03:10:45.428 [main] WARN  api.GoogleMapsDirection - The overview polyline of one connection can't be read.
2017-11-07 03:10:46.021 [main] WARN  api.GoogleMapsDirection - The departure and arrival time of one connections can't be set.java.lang.NullPointerException
2017-11-07 03:10:46.021 [main] WARN  api.GoogleMapsDirection - The overview polyline of one connection can't be read.
2017-11-07 03:10:46.592 [main] WARN  api.GoogleMapsDirection - The departure and arrival time of one connections can't be set.java.lang.NullPointerException
2017-11-07 03:10:46.592 [main] WARN  api.GoogleMapsDirection - The overview polyline of one connection can't be read.
2017-11-07 03:10:46.969 [main] WARN  api.GoogleMapsDirection - The departure and arrival time of one connections can't be set.java.lang.NullPointerException
2017-11-07 03:10:46.970 [main] WARN  api.GoogleMapsDirection - The overview polyline of one connection can't be read.
2017-11-07 03:10:47.348 [main] WARN  api.GoogleMapsDirection - The departure and arrival time of one connections can't be set.java.lang.NullPointerException
2017-11-07 03:10:47.349 [main] WARN  api.GoogleMapsDirection - The overview polyline of one connection can't be read.
2017-11-07 03:10:47.730 [main] WARN  api.GoogleMapsDirection - The departure and arrival time of one connections can't be set.java.lang.NullPointerException
2017-11-07 03:10:47.730 [main] WARN  api.GoogleMapsDirection - The overview polyline of one connection can't be read.
2017-11-07 03:10:48.122 [main] WARN  api.GoogleMapsDirection - The departure and arrival time of one connections can't be set.java.lang.NullPointerException
2017-11-07 03:10:48.122 [main] WARN  api.GoogleMapsDirection - The overview polyline of one connection can't be read.
2017-11-07 03:10:48.464 [main] WARN  api.GoogleMapsDirection - The departure and arrival time of one connections can't be set.java.lang.NullPointerException
2017-11-07 03:10:48.464 [main] WARN  api.GoogleMapsDirection - The overview polyline of one connection can't be read.
2017-11-07 03:10:48.961 [main] WARN  api.GoogleMapsDirection - The departure and arrival time of one connections can't be set.java.lang.NullPointerException
2017-11-07 03:10:48.962 [main] WARN  api.GoogleMapsDirection - The overview polyline of one connection can't be read.
2017-11-07 03:10:49.161 [main] WARN  api.GoogleMapsDirection - The departure and arrival time of one connections can't be set.java.lang.NullPointerException
2017-11-07 03:10:49.161 [main] WARN  api.GoogleMapsDirection - The overview polyline of one connection can't be read.
2017-11-07 03:10:49.349 [main] WARN  api.GoogleMapsDirection - The departure and arrival time of one connections can't be set.java.lang.NullPointerException
2017-11-07 03:10:49.349 [main] WARN  api.GoogleMapsDirection - The overview polyline of one connection can't be read.
2017-11-07 03:10:49.556 [main] WARN  api.GoogleMapsDirection - The departure and arrival time of one connections can't be set.java.lang.NullPointerException
2017-11-07 03:10:49.556 [main] WARN  api.GoogleMapsDirection - The overview polyline of one connection can't be read.
2017-11-07 03:10:49.782 [main] WARN  api.GoogleMapsDirection - The departure and arrival time of one connections can't be set.java.lang.NullPointerException
2017-11-07 03:10:49.783 [main] WARN  api.GoogleMapsDirection - The overview polyline of one connection can't be read.
2017-11-07 03:10:50.011 [main] WARN  api.GoogleMapsDirection - The departure and arrival time of one connections can't be set.java.lang.NullPointerException
2017-11-07 03:10:50.011 [main] WARN  api.GoogleMapsDirection - The overview polyline of one connection can't be read.
2017-11-07 03:10:50.226 [main] WARN  api.GoogleMapsDirection - The departure and arrival time of one connections can't be set.java.lang.NullPointerException
2017-11-07 03:10:50.226 [main] WARN  api.GoogleMapsDirection - The overview polyline of one connection can't be read.
2017-11-07 03:10:50.462 [main] WARN  api.GoogleMapsDirection - The departure and arrival time of one connections can't be set.java.lang.NullPointerException
2017-11-07 03:10:50.462 [main] WARN  api.GoogleMapsDirection - The overview polyline of one connection can't be read.
2017-11-07 03:10:50.695 [main] WARN  api.GoogleMapsDirection - The departure and arrival time of one connections can't be set.java.lang.NullPointerException
2017-11-07 03:10:50.695 [main] WARN  api.GoogleMapsDirection - The overview polyline of one connection can't be read.
2017-11-07 03:10:50.936 [main] WARN  api.GoogleMapsDirection - The departure and arrival time of one connections can't be set.java.lang.NullPointerException
2017-11-07 03:10:50.937 [main] WARN  api.GoogleMapsDirection - The overview polyline of one connection can't be read.
2017-11-07 03:11:35.414 [main] WARN  api.GoogleMapsDirection - The departure and arrival time of one connections can't be set.java.lang.NullPointerException
2017-11-07 03:11:35.416 [main] WARN  api.GoogleMapsDirection - The overview polyline of one connection can't be read.
2017-11-07 03:11:35.680 [main] WARN  api.GoogleMapsDirection - The departure and arrival time of one connections can't be set.java.lang.NullPointerException
2017-11-07 03:11:35.680 [main] WARN  api.GoogleMapsDirection - The overview polyline of one connection can't be read.
2017-11-07 03:11:35.945 [main] WARN  api.GoogleMapsDirection - The departure and arrival time of one connections can't be set.java.lang.NullPointerException
2017-11-07 03:11:35.945 [main] WARN  api.GoogleMapsDirection - The overview polyline of one connection can't be read.
2017-11-07 03:11:36.192 [main] WARN  api.GoogleMapsDirection - The departure and arrival time of one connections can't be set.java.lang.NullPointerException
2017-11-07 03:11:36.193 [main] WARN  api.GoogleMapsDirection - The overview polyline of one connection can't be read.
2017-11-07 03:11:36.434 [main] WARN  api.GoogleMapsDirection - The departure and arrival time of one connections can't be set.java.lang.NullPointerException
2017-11-07 03:11:36.434 [main] WARN  api.GoogleMapsDirection - The overview polyline of one connection can't be read.
2017-11-07 03:11:36.671 [main] WARN  api.GoogleMapsDirection - The departure and arrival time of one connections can't be set.java.lang.NullPointerException
2017-11-07 03:11:36.672 [main] WARN  api.GoogleMapsDirection - The overview polyline of one connection can't be read.
2017-11-07 03:11:36.903 [main] WARN  api.GoogleMapsDirection - The departure and arrival time of one connections can't be set.java.lang.NullPointerException
2017-11-07 03:11:36.903 [main] WARN  api.GoogleMapsDirection - The overview polyline of one connection can't be read.
2017-11-07 03:11:37.251 [main] WARN  api.GoogleMapsDirection - The departure and arrival time of one connections can't be set.java.lang.NullPointerException
2017-11-07 03:11:37.251 [main] WARN  api.GoogleMapsDirection - The overview polyline of one connection can't be read.
2017-11-07 03:11:37.600 [main] WARN  api.GoogleMapsDirection - The departure and arrival time of one connections can't be set.java.lang.NullPointerException
2017-11-07 03:11:37.600 [main] WARN  api.GoogleMapsDirection - The overview polyline of one connection can't be read.
2017-11-07 03:11:37.836 [main] WARN  api.GoogleMapsDirection - The departure and arrival time of one connections can't be set.java.lang.NullPointerException
2017-11-07 03:11:37.836 [main] WARN  api.GoogleMapsDirection - The overview polyline of one connection can't be read.
2017-11-07 03:11:38.398 [main] WARN  api.GoogleMapsDirection - The departure and arrival time of one connections can't be set.java.lang.NullPointerException
2017-11-07 03:11:38.398 [main] WARN  api.GoogleMapsDirection - The overview polyline of one connection can't be read.
2017-11-07 03:11:38.622 [main] WARN  api.GoogleMapsDirection - The departure and arrival time of one connections can't be set.java.lang.NullPointerException
2017-11-07 03:11:38.622 [main] WARN  api.GoogleMapsDirection - The overview polyline of one connection can't be read.
2017-11-07 03:11:38.823 [main] WARN  api.GoogleMapsDirection - The departure and arrival time of one connections can't be set.java.lang.NullPointerException
2017-11-07 03:11:38.823 [main] WARN  api.GoogleMapsDirection - The overview polyline of one connection can't be read.
2017-11-07 03:11:39.078 [main] WARN  api.GoogleMapsDirection - The departure and arrival time of one connections can't be set.java.lang.NullPointerException
2017-11-07 03:11:39.079 [main] WARN  api.GoogleMapsDirection - The overview polyline of one connection can't be read.
2017-11-07 03:11:39.299 [main] WARN  api.GoogleMapsDirection - The departure and arrival time of one connections can't be set.java.lang.NullPointerException
2017-11-07 03:11:39.300 [main] WARN  api.GoogleMapsDirection - The overview polyline of one connection can't be read.
2017-11-07 03:11:39.552 [main] WARN  api.GoogleMapsDirection - The departure and arrival time of one connections can't be set.java.lang.NullPointerException
2017-11-07 03:11:39.552 [main] WARN  api.GoogleMapsDirection - The overview polyline of one connection can't be read.
2017-11-07 03:11:39.824 [main] WARN  api.GoogleMapsDirection - The departure and arrival time of one connections can't be set.java.lang.NullPointerException
2017-11-07 03:11:39.825 [main] WARN  api.GoogleMapsDirection - The overview polyline of one connection can't be read.
2017-11-07 03:11:40.086 [main] WARN  api.GoogleMapsDirection - The departure and arrival time of one connections can't be set.java.lang.NullPointerException
2017-11-07 03:11:40.087 [main] WARN  api.GoogleMapsDirection - The overview polyline of one connection can't be read.
2017-11-07 03:11:40.348 [main] WARN  api.GoogleMapsDirection - The departure and arrival time of one connections can't be set.java.lang.NullPointerException
2017-11-07 03:11:40.349 [main] WARN  api.GoogleMapsDirection - The overview polyline of one connection can't be read.
2017-11-07 03:11:40.609 [main] WARN  api.GoogleMapsDirection - The departure and arrival time of one connections can't be set.java.lang.NullPointerException
2017-11-07 03:11:40.610 [main] WARN  api.GoogleMapsDirection - The overview polyline of one connection can't be read.
2017-11-07 03:16:49.298 [main] WARN  api.GoogleMapsDirection - The departure and arrival time of one connections can't be set.java.lang.NullPointerException
2017-11-07 03:16:49.299 [main] WARN  api.GoogleMapsDirection - The overview polyline of one connection can't be read.
2017-11-07 03:16:49.710 [main] WARN  api.GoogleMapsDirection - The departure and arrival time of one connections can't be set.java.lang.NullPointerException
2017-11-07 03:16:49.710 [main] WARN  api.GoogleMapsDirection - The overview polyline of one connection can't be read.
2017-11-07 03:16:50.077 [main] WARN  api.GoogleMapsDirection - The departure and arrival time of one connections can't be set.java.lang.NullPointerException
2017-11-07 03:16:50.077 [main] WARN  api.GoogleMapsDirection - The overview polyline of one connection can't be read.
2017-11-07 03:16:50.446 [main] WARN  api.GoogleMapsDirection - The departure and arrival time of one connections can't be set.java.lang.NullPointerException
2017-11-07 03:16:50.446 [main] WARN  api.GoogleMapsDirection - The overview polyline of one connection can't be read.
2017-11-07 03:16:50.773 [main] WARN  api.GoogleMapsDirection - The departure and arrival time of one connections can't be set.java.lang.NullPointerException
2017-11-07 03:16:50.774 [main] WARN  api.GoogleMapsDirection - The overview polyline of one connection can't be read.
2017-11-07 03:16:51.242 [main] WARN  api.GoogleMapsDirection - The departure and arrival time of one connections can't be set.java.lang.NullPointerException
2017-11-07 03:16:51.242 [main] WARN  api.GoogleMapsDirection - The overview polyline of one connection can't be read.
2017-11-07 03:16:51.680 [main] WARN  api.GoogleMapsDirection - The departure and arrival time of one connections can't be set.java.lang.NullPointerException
2017-11-07 03:16:51.681 [main] WARN  api.GoogleMapsDirection - The overview polyline of one connection can't be read.
2017-11-07 03:16:52.147 [main] WARN  api.GoogleMapsDirection - The departure and arrival time of one connections can't be set.java.lang.NullPointerException
2017-11-07 03:16:52.148 [main] WARN  api.GoogleMapsDirection - The overview polyline of one connection can't be read.
2017-11-07 03:16:52.588 [main] WARN  api.GoogleMapsDirection - The departure and arrival time of one connections can't be set.java.lang.NullPointerException
2017-11-07 03:16:52.588 [main] WARN  api.GoogleMapsDirection - The overview polyline of one connection can't be read.
2017-11-07 03:16:53.071 [main] WARN  api.GoogleMapsDirection - The departure and arrival time of one connections can't be set.java.lang.NullPointerException
2017-11-07 03:16:53.071 [main] WARN  api.GoogleMapsDirection - The overview polyline of one connection can't be read.
2017-11-07 03:16:53.745 [main] WARN  api.GoogleMapsDirection - The departure and arrival time of one connections can't be set.java.lang.NullPointerException
2017-11-07 03:16:53.745 [main] WARN  api.GoogleMapsDirection - The overview polyline of one connection can't be read.
2017-11-07 03:16:54.060 [main] WARN  api.GoogleMapsDirection - The departure and arrival time of one connections can't be set.java.lang.NullPointerException
2017-11-07 03:16:54.060 [main] WARN  api.GoogleMapsDirection - The overview polyline of one connection can't be read.
2017-11-07 03:16:54.350 [main] WARN  api.GoogleMapsDirection - The departure and arrival time of one connections can't be set.java.lang.NullPointerException
2017-11-07 03:16:54.350 [main] WARN  api.GoogleMapsDirection - The overview polyline of one connection can't be read.
2017-11-07 03:16:54.729 [main] WARN  api.GoogleMapsDirection - The departure and arrival time of one connections can't be set.java.lang.NullPointerException
2017-11-07 03:16:54.729 [main] WARN  api.GoogleMapsDirection - The overview polyline of one connection can't be read.
2017-11-07 03:16:55.055 [main] WARN  api.GoogleMapsDirection - The departure and arrival time of one connections can't be set.java.lang.NullPointerException
2017-11-07 03:16:55.055 [main] WARN  api.GoogleMapsDirection - The overview polyline of one connection can't be read.
2017-11-07 03:16:55.431 [main] WARN  api.GoogleMapsDirection - The departure and arrival time of one connections can't be set.java.lang.NullPointerException
2017-11-07 03:16:55.431 [main] WARN  api.GoogleMapsDirection - The overview polyline of one connection can't be read.
2017-11-07 03:16:55.752 [main] WARN  api.GoogleMapsDirection - The departure and arrival time of one connections can't be set.java.lang.NullPointerException
2017-11-07 03:16:55.752 [main] WARN  api.GoogleMapsDirection - The overview polyline of one connection can't be read.
2017-11-07 03:16:56.102 [main] WARN  api.GoogleMapsDirection - The departure and arrival time of one connections can't be set.java.lang.NullPointerException
2017-11-07 03:16:56.102 [main] WARN  api.GoogleMapsDirection - The overview polyline of one connection can't be read.
2017-11-07 03:16:56.468 [main] WARN  api.GoogleMapsDirection - The departure and arrival time of one connections can't be set.java.lang.NullPointerException
2017-11-07 03:16:56.469 [main] WARN  api.GoogleMapsDirection - The overview polyline of one connection can't be read.
2017-11-07 03:16:56.809 [main] WARN  api.GoogleMapsDirection - The departure and arrival time of one connections can't be set.java.lang.NullPointerException
2017-11-07 03:16:56.810 [main] WARN  api.GoogleMapsDirection - The overview polyline of one connection can't be read.
2017-11-07 03:20:30.036 [main] WARN  api.GoogleMapsDirection - The departure and arrival time of one connections can't be set.java.lang.NullPointerException
2017-11-07 03:20:30.038 [main] WARN  api.GoogleMapsDirection - The overview polyline of one connection can't be read.
2017-11-07 03:20:30.488 [main] WARN  api.GoogleMapsDirection - The departure and arrival time of one connections can't be set.java.lang.NullPointerException
2017-11-07 03:20:30.488 [main] WARN  api.GoogleMapsDirection - The overview polyline of one connection can't be read.
2017-11-07 03:20:30.870 [main] WARN  api.GoogleMapsDirection - The departure and arrival time of one connections can't be set.java.lang.NullPointerException
2017-11-07 03:20:30.870 [main] WARN  api.GoogleMapsDirection - The overview polyline of one connection can't be read.
2017-11-07 03:20:31.277 [main] WARN  api.GoogleMapsDirection - The departure and arrival time of one connections can't be set.java.lang.NullPointerException
2017-11-07 03:20:31.278 [main] WARN  api.GoogleMapsDirection - The overview polyline of one connection can't be read.
2017-11-07 03:20:31.684 [main] WARN  api.GoogleMapsDirection - The departure and arrival time of one connections can't be set.java.lang.NullPointerException
2017-11-07 03:20:31.686 [main] WARN  api.GoogleMapsDirection - The overview polyline of one connection can't be read.
2017-11-07 03:20:32.051 [main] WARN  api.GoogleMapsDirection - The departure and arrival time of one connections can't be set.java.lang.NullPointerException
2017-11-07 03:20:32.051 [main] WARN  api.GoogleMapsDirection - The overview polyline of one connection can't be read.
2017-11-07 03:20:32.594 [main] WARN  api.GoogleMapsDirection - The departure and arrival time of one connections can't be set.java.lang.NullPointerException
2017-11-07 03:20:32.594 [main] WARN  api.GoogleMapsDirection - The overview polyline of one connection can't be read.
2017-11-07 03:20:33.135 [main] WARN  api.GoogleMapsDirection - The departure and arrival time of one connections can't be set.java.lang.NullPointerException
2017-11-07 03:20:33.135 [main] WARN  api.GoogleMapsDirection - The overview polyline of one connection can't be read.
2017-11-07 03:20:33.668 [main] WARN  api.GoogleMapsDirection - The departure and arrival time of one connections can't be set.java.lang.NullPointerException
2017-11-07 03:20:33.668 [main] WARN  api.GoogleMapsDirection - The overview polyline of one connection can't be read.
2017-11-07 03:20:34.074 [main] WARN  api.GoogleMapsDirection - The departure and arrival time of one connections can't be set.java.lang.NullPointerException
2017-11-07 03:20:34.074 [main] WARN  api.GoogleMapsDirection - The overview polyline of one connection can't be read.
2017-11-07 03:20:34.695 [main] WARN  api.GoogleMapsDirection - The departure and arrival time of one connections can't be set.java.lang.NullPointerException
2017-11-07 03:20:34.696 [main] WARN  api.GoogleMapsDirection - The overview polyline of one connection can't be read.
2017-11-07 03:20:35.027 [main] WARN  api.GoogleMapsDirection - The departure and arrival time of one connections can't be set.java.lang.NullPointerException
2017-11-07 03:20:35.027 [main] WARN  api.GoogleMapsDirection - The overview polyline of one connection can't be read.
2017-11-07 03:20:35.401 [main] WARN  api.GoogleMapsDirection - The departure and arrival time of one connections can't be set.java.lang.NullPointerException
2017-11-07 03:20:35.401 [main] WARN  api.GoogleMapsDirection - The overview polyline of one connection can't be read.
2017-11-07 03:20:35.765 [main] WARN  api.GoogleMapsDirection - The departure and arrival time of one connections can't be set.java.lang.NullPointerException
2017-11-07 03:20:35.766 [main] WARN  api.GoogleMapsDirection - The overview polyline of one connection can't be read.
2017-11-07 03:20:36.169 [main] WARN  api.GoogleMapsDirection - The departure and arrival time of one connections can't be set.java.lang.NullPointerException
2017-11-07 03:20:36.169 [main] WARN  api.GoogleMapsDirection - The overview polyline of one connection can't be read.
2017-11-07 03:20:36.576 [main] WARN  api.GoogleMapsDirection - The departure and arrival time of one connections can't be set.java.lang.NullPointerException
2017-11-07 03:20:36.577 [main] WARN  api.GoogleMapsDirection - The overview polyline of one connection can't be read.
2017-11-07 03:20:36.948 [main] WARN  api.GoogleMapsDirection - The departure and arrival time of one connections can't be set.java.lang.NullPointerException
2017-11-07 03:20:36.948 [main] WARN  api.GoogleMapsDirection - The overview polyline of one connection can't be read.
2017-11-07 03:20:37.378 [main] WARN  api.GoogleMapsDirection - The departure and arrival time of one connections can't be set.java.lang.NullPointerException
2017-11-07 03:20:37.379 [main] WARN  api.GoogleMapsDirection - The overview polyline of one connection can't be read.
2017-11-07 03:20:37.771 [main] WARN  api.GoogleMapsDirection - The departure and arrival time of one connections can't be set.java.lang.NullPointerException
2017-11-07 03:20:37.772 [main] WARN  api.GoogleMapsDirection - The overview polyline of one connection can't be read.
2017-11-07 03:20:38.168 [main] WARN  api.GoogleMapsDirection - The departure and arrival time of one connections can't be set.java.lang.NullPointerException
2017-11-07 03:20:38.168 [main] WARN  api.GoogleMapsDirection - The overview polyline of one connection can't be read.
2017-11-07 03:21:23.061 [main] WARN  api.GoogleMapsDirection - The departure and arrival time of one connections can't be set.java.lang.NullPointerException
2017-11-07 03:21:23.062 [main] WARN  api.GoogleMapsDirection - The overview polyline of one connection can't be read.
2017-11-07 03:21:23.339 [main] WARN  api.GoogleMapsDirection - The departure and arrival time of one connections can't be set.java.lang.NullPointerException
2017-11-07 03:21:23.339 [main] WARN  api.GoogleMapsDirection - The overview polyline of one connection can't be read.
2017-11-07 03:21:23.589 [main] WARN  api.GoogleMapsDirection - The departure and arrival time of one connections can't be set.java.lang.NullPointerException
2017-11-07 03:21:23.589 [main] WARN  api.GoogleMapsDirection - The overview polyline of one connection can't be read.
2017-11-07 03:21:23.817 [main] WARN  api.GoogleMapsDirection - The departure and arrival time of one connections can't be set.java.lang.NullPointerException
2017-11-07 03:21:23.818 [main] WARN  api.GoogleMapsDirection - The overview polyline of one connection can't be read.
2017-11-07 03:21:24.050 [main] WARN  api.GoogleMapsDirection - The departure and arrival time of one connections can't be set.java.lang.NullPointerException
2017-11-07 03:21:24.050 [main] WARN  api.GoogleMapsDirection - The overview polyline of one connection can't be read.
2017-11-07 03:21:24.413 [main] WARN  api.GoogleMapsDirection - The departure and arrival time of one connections can't be set.java.lang.NullPointerException
2017-11-07 03:21:24.413 [main] WARN  api.GoogleMapsDirection - The overview polyline of one connection can't be read.
2017-11-07 03:21:24.688 [main] WARN  api.GoogleMapsDirection - The departure and arrival time of one connections can't be set.java.lang.NullPointerException
2017-11-07 03:21:24.689 [main] WARN  api.GoogleMapsDirection - The overview polyline of one connection can't be read.
2017-11-07 03:21:24.976 [main] WARN  api.GoogleMapsDirection - The departure and arrival time of one connections can't be set.java.lang.NullPointerException
2017-11-07 03:21:24.976 [main] WARN  api.GoogleMapsDirection - The overview polyline of one connection can't be read.
2017-11-07 03:21:25.302 [main] WARN  api.GoogleMapsDirection - The departure and arrival time of one connections can't be set.java.lang.NullPointerException
2017-11-07 03:21:25.302 [main] WARN  api.GoogleMapsDirection - The overview polyline of one connection can't be read.
2017-11-07 03:21:25.569 [main] WARN  api.GoogleMapsDirection - The departure and arrival time of one connections can't be set.java.lang.NullPointerException
2017-11-07 03:21:25.570 [main] WARN  api.GoogleMapsDirection - The overview polyline of one connection can't be read.
2017-11-07 03:21:26.130 [main] WARN  api.GoogleMapsDirection - The departure and arrival time of one connections can't be set.java.lang.NullPointerException
2017-11-07 03:21:26.130 [main] WARN  api.GoogleMapsDirection - The overview polyline of one connection can't be read.
2017-11-07 03:21:26.559 [main] WARN  api.GoogleMapsDirection - The departure and arrival time of one connections can't be set.java.lang.NullPointerException
2017-11-07 03:21:26.559 [main] WARN  api.GoogleMapsDirection - The overview polyline of one connection can't be read.
2017-11-07 03:21:26.844 [main] WARN  api.GoogleMapsDirection - The departure and arrival time of one connections can't be set.java.lang.NullPointerException
2017-11-07 03:21:26.844 [main] WARN  api.GoogleMapsDirection - The overview polyline of one connection can't be read.
2017-11-07 03:21:27.099 [main] WARN  api.GoogleMapsDirection - The departure and arrival time of one connections can't be set.java.lang.NullPointerException
2017-11-07 03:21:27.099 [main] WARN  api.GoogleMapsDirection - The overview polyline of one connection can't be read.
2017-11-07 03:21:27.698 [main] WARN  api.GoogleMapsDirection - The departure and arrival time of one connections can't be set.java.lang.NullPointerException
2017-11-07 03:21:27.698 [main] WARN  api.GoogleMapsDirection - The overview polyline of one connection can't be read.
2017-11-07 03:21:27.955 [main] WARN  api.GoogleMapsDirection - The departure and arrival time of one connections can't be set.java.lang.NullPointerException
2017-11-07 03:21:27.955 [main] WARN  api.GoogleMapsDirection - The overview polyline of one connection can't be read.
2017-11-07 03:21:28.197 [main] WARN  api.GoogleMapsDirection - The departure and arrival time of one connections can't be set.java.lang.NullPointerException
2017-11-07 03:21:28.197 [main] WARN  api.GoogleMapsDirection - The overview polyline of one connection can't be read.
2017-11-07 03:21:28.449 [main] WARN  api.GoogleMapsDirection - The departure and arrival time of one connections can't be set.java.lang.NullPointerException
2017-11-07 03:21:28.449 [main] WARN  api.GoogleMapsDirection - The overview polyline of one connection can't be read.
2017-11-07 03:21:28.649 [main] WARN  api.GoogleMapsDirection - The departure and arrival time of one connections can't be set.java.lang.NullPointerException
2017-11-07 03:21:28.649 [main] WARN  api.GoogleMapsDirection - The overview polyline of one connection can't be read.
2017-11-07 03:21:28.890 [main] WARN  api.GoogleMapsDirection - The departure and arrival time of one connections can't be set.java.lang.NullPointerException
2017-11-07 03:21:28.890 [main] WARN  api.GoogleMapsDirection - The overview polyline of one connection can't be read.
2017-11-07 03:23:43.191 [main] WARN  api.GoogleMapsDirection - The overview polyline of one connection can't be read.
2017-11-07 03:23:43.192 [main] WARN  api.GoogleMapsDirection - The overview polyline of one connection can't be read.
